<?xml version="1.0" encoding="UTF-8"?>
<!-- Generated by org.testng.reporters.JUnitXMLReporter -->
<testsuite ignored="0" hostname="L-IT-0299" failures="0" tests="21" name="Default test" time="36.405" errors="0" timestamp="2026-04-02T11:47:45 IST">
  <testcase classname="swaglabs.tests.Logintest" name="login" time="0.773"/>
  <testcase classname="swaglabs.tests.Logintest" name="login" time="0.66"/>
  <testcase classname="swaglabs.tests.Logintest" name="login" time="0.658"/>
  <testcase classname="swaglabs.tests.Logintest" name="login" time="0.205"/>
  <testcase classname="swaglabs.tests.Logintest" name="executeSteps" time="0.155"/>
  <testcase classname="swaglabs.tests.Logintest" name="executeSteps" time="0.202"/>
  <testcase classname="swaglabs.tests.Logintest" name="executeSteps" time="0.199"/>
  <testcase classname="swaglabs.tests.Logintest" name="executeSteps" time="0.154"/>
  <testcase classname="swaglabs.tests.Logintest" name="executeSteps" time="0.103"/>
  <testcase classname="swaglabs.tests.Logintest" name="executeSteps" time="0.042"/>
  <testcase classname="swaglabs.tests.Logintest" name="executeSteps" time="0.094"/>
  <testcase classname="swaglabs.tests.Logintest" name="executeSteps" time="0.094"/>
  <testcase classname="swaglabs.tests.Logintest" name="orderconfirmation" time="2.033"/>
  <testcase classname="swaglabs.tests.Logintest" name="backtohome" time="2.099"/>
  <testcase classname="swaglabs.tests.Logintest" name="addproducts" time="2.252"/>
  <testcase classname="swaglabs.tests.Logintest" name="addtocartbutton" time="2.101"/>
  <testcase classname="swaglabs.tests.Logintest" name="removeproducts" time="2.2"/>
  <testcase classname="swaglabs.tests.Logintest" name="hamburgermenu" time="1.213"/>
  <testcase classname="swaglabs.tests.Logintest" name="aboutpage" time="8.036"/>
  <testcase classname="swaglabs.tests.Logintest" name="prodsorting" time="4.692"/>
  <testcase classname="swaglabs.tests.Logintest" name="logoutthepage" time="1.102"/>
</testsuite> <!-- Default test -->
