<?xml version="1.0" encoding="UTF-8"?>
<!-- Generated by org.testng.reporters.JUnitXMLReporter -->
<testsuite ignored="0" hostname="L-IT-0299" failures="0" tests="21" name="Default test" time="31.563" errors="0" timestamp="2026-04-02T18:24:09 IST">
  <testcase classname="swaglabs.tests.Logintest" name="login" time="0.543"/>
  <testcase classname="swaglabs.tests.Logintest" name="login" time="0.512"/>
  <testcase classname="swaglabs.tests.Logintest" name="login" time="0.523"/>
  <testcase classname="swaglabs.tests.Logintest" name="login" time="0.15"/>
  <testcase classname="swaglabs.tests.Logintest" name="executeSteps" time="0.097"/>
  <testcase classname="swaglabs.tests.Logintest" name="executeSteps" time="0.095"/>
  <testcase classname="swaglabs.tests.Logintest" name="executeSteps" time="0.093"/>
  <testcase classname="swaglabs.tests.Logintest" name="executeSteps" time="0.038"/>
  <testcase classname="swaglabs.tests.Logintest" name="executeSteps" time="0.038"/>
  <testcase classname="swaglabs.tests.Logintest" name="executeSteps" time="0.038"/>
  <testcase classname="swaglabs.tests.Logintest" name="executeSteps" time="0.087"/>
  <testcase classname="swaglabs.tests.Logintest" name="executeSteps" time="0.09"/>
  <testcase classname="swaglabs.tests.Logintest" name="orderconfirmation" time="2.023"/>
  <testcase classname="swaglabs.tests.Logintest" name="backtohome" time="2.089"/>
  <testcase classname="swaglabs.tests.Logintest" name="addproducts" time="2.243"/>
  <testcase classname="swaglabs.tests.Logintest" name="addtocartbutton" time="2.083"/>
  <testcase classname="swaglabs.tests.Logintest" name="removeproducts" time="2.188"/>
  <testcase classname="swaglabs.tests.Logintest" name="hamburgermenu" time="1.101"/>
  <testcase classname="swaglabs.tests.Logintest" name="aboutpage" time="6.384"/>
  <testcase classname="swaglabs.tests.Logintest" name="prodsorting" time="4.457"/>
  <testcase classname="swaglabs.tests.Logintest" name="logoutthepage" time="1.083"/>
</testsuite> <!-- Default test -->
