<?xml version="1.0" encoding="UTF-8"?>
<!-- Generated by org.testng.reporters.JUnitXMLReporter -->
<testsuite ignored="0" hostname="L-IT-0299" failures="0" tests="21" name="Test" time="36.786" errors="0" timestamp="2026-03-31T19:00:08 IST">
  <testcase classname="swaglabs.tests.Logintest" name="login" time="0.747"/>
  <testcase classname="swaglabs.tests.Logintest" name="login" time="0.886"/>
  <testcase classname="swaglabs.tests.Logintest" name="login" time="0.815"/>
  <testcase classname="swaglabs.tests.Logintest" name="login" time="0.298"/>
  <testcase classname="swaglabs.tests.Logintest" name="executeSteps" time="0.146"/>
  <testcase classname="swaglabs.tests.Logintest" name="executeSteps" time="0.164"/>
  <testcase classname="swaglabs.tests.Logintest" name="executeSteps" time="0.197"/>
  <testcase classname="swaglabs.tests.Logintest" name="executeSteps" time="0.154"/>
  <testcase classname="swaglabs.tests.Logintest" name="executeSteps" time="0.071"/>
  <testcase classname="swaglabs.tests.Logintest" name="executeSteps" time="0.045"/>
  <testcase classname="swaglabs.tests.Logintest" name="executeSteps" time="0.106"/>
  <testcase classname="swaglabs.tests.Logintest" name="executeSteps" time="0.116"/>
  <testcase classname="swaglabs.tests.Logintest" name="orderconfirmation" time="2.04"/>
  <testcase classname="swaglabs.tests.Logintest" name="backtohome" time="2.092"/>
  <testcase classname="swaglabs.tests.Logintest" name="addproducts" time="2.266"/>
  <testcase classname="swaglabs.tests.Logintest" name="addtocartbutton" time="2.131"/>
  <testcase classname="swaglabs.tests.Logintest" name="removeproducts" time="2.271"/>
  <testcase classname="swaglabs.tests.Logintest" name="hamburgermenu" time="1.18"/>
  <testcase classname="swaglabs.tests.Logintest" name="aboutpage" time="3.463"/>
  <testcase classname="swaglabs.tests.Logintest" name="prodsorting" time="4.74"/>
  <testcase classname="swaglabs.tests.Logintest" name="logoutthepage" time="1.118"/>
</testsuite> <!-- Test -->
