<?xml version="1.0" encoding="UTF-8"?>
<!-- Generated by org.testng.reporters.JUnitXMLReporter -->
<testsuite ignored="0" hostname="L-IT-0299" failures="1" tests="21" name="Chrome Test" time="15.35" errors="0" timestamp="2026-03-31T18:53:35 IST">
  <testcase classname="swaglabs.base.Base" name="@BeforeClass setup" time="1.006">
    <failure type="io.github.bonigarcia.wdm.config.WebDriverManagerException" message="io.github.bonigarcia.wdm.config.WebDriverManagerException: java.net.UnknownHostException: msedgedriver.azureedge.net">
      <![CDATA[io.github.bonigarcia.wdm.config.WebDriverManagerException: io.github.bonigarcia.wdm.config.WebDriverManagerException: java.net.UnknownHostException: msedgedriver.azureedge.net
at io.github.bonigarcia.wdm.WebDriverManager.handleException(WebDriverManager.java:1421)
at io.github.bonigarcia.wdm.WebDriverManager.manage(WebDriverManager.java:1190)
at io.github.bonigarcia.wdm.WebDriverManager.fallback(WebDriverManager.java:1437)
at io.github.bonigarcia.wdm.WebDriverManager.handleException(WebDriverManager.java:1415)
at io.github.bonigarcia.wdm.WebDriverManager.manage(WebDriverManager.java:1190)
at io.github.bonigarcia.wdm.WebDriverManager.setup(WebDriverManager.java:427)
at swaglabs.utils.DriverFactory.initDriver(DriverFactory.java:24)
at swaglabs.base.Base.setup(Base.java:32)
at java.base/java.util.ArrayList.forEach(ArrayList.java:1596)
at java.base/java.util.concurrent.FutureTask.run(FutureTask.java:317)
at java.base/java.util.concurrent.ThreadPoolExecutor.runWorker(ThreadPoolExecutor.java:1144)
at java.base/java.util.concurrent.ThreadPoolExecutor$Worker.run(ThreadPoolExecutor.java:642)
at java.base/java.lang.Thread.run(Thread.java:1583)
Caused by: io.github.bonigarcia.wdm.config.WebDriverManagerException: java.net.UnknownHostException: msedgedriver.azureedge.net
at io.github.bonigarcia.wdm.WebDriverManager.getDriversFromXml(WebDriverManager.java:1588)
at io.github.bonigarcia.wdm.managers.EdgeDriverManager.getDriverUrls(EdgeDriverManager.java:115)
at io.github.bonigarcia.wdm.WebDriverManager.createUrlHandler(WebDriverManager.java:1442)
at io.github.bonigarcia.wdm.WebDriverManager.download(WebDriverManager.java:1268)
at io.github.bonigarcia.wdm.WebDriverManager.manage(WebDriverManager.java:1184)
... 24 more
Caused by: java.net.UnknownHostException: msedgedriver.azureedge.net
at java.base/java.net.InetAddress$CachedLookup.get(InetAddress.java:988)
at java.base/java.net.InetAddress.getAllByName0(InetAddress.java:1818)
at java.base/java.net.InetAddress.getAllByName(InetAddress.java:1688)
at org.apache.hc.client5.http.SystemDefaultDnsResolver.resolve(SystemDefaultDnsResolver.java:43)
at org.apache.hc.client5.http.impl.io.DefaultHttpClientConnectionOperator.connect(DefaultHttpClientConnectionOperator.java:141)
at org.apache.hc.client5.http.impl.io.PoolingHttpClientConnectionManager.connect(PoolingHttpClientConnectionManager.java:447)
at org.apache.hc.client5.http.impl.classic.InternalExecRuntime.connectEndpoint(InternalExecRuntime.java:162)
at org.apache.hc.client5.http.impl.classic.InternalExecRuntime.connectEndpoint(InternalExecRuntime.java:172)
at org.apache.hc.client5.http.impl.classic.ConnectExec.execute(ConnectExec.java:142)
at org.apache.hc.client5.http.impl.classic.ExecChainElement.execute(ExecChainElement.java:51)
at org.apache.hc.client5.http.impl.classic.ProtocolExec.execute(ProtocolExec.java:192)
at org.apache.hc.client5.http.impl.classic.ExecChainElement.execute(ExecChainElement.java:51)
at org.apache.hc.client5.http.impl.classic.HttpRequestRetryExec.execute(HttpRequestRetryExec.java:96)
at org.apache.hc.client5.http.impl.classic.ExecChainElement.execute(ExecChainElement.java:51)
at org.apache.hc.client5.http.impl.classic.ContentCompressionExec.execute(ContentCompressionExec.java:152)
at org.apache.hc.client5.http.impl.classic.ExecChainElement.execute(ExecChainElement.java:51)
at org.apache.hc.client5.http.impl.classic.RedirectExec.execute(RedirectExec.java:115)
at org.apache.hc.client5.http.impl.classic.ExecChainElement.execute(ExecChainElement.java:51)
at org.apache.hc.client5.http.impl.classic.InternalHttpClient.doExecute(InternalHttpClient.java:170)
at org.apache.hc.client5.http.impl.classic.CloseableHttpClient.execute(CloseableHttpClient.java:87)
at org.apache.hc.client5.http.impl.classic.CloseableHttpClient.execute(CloseableHttpClient.java:55)
at org.apache.hc.client5.http.classic.HttpClient.executeOpen(HttpClient.java:183)
at io.github.bonigarcia.wdm.online.HttpClient.execute(HttpClient.java:157)
at io.github.bonigarcia.wdm.WebDriverManager.getDriversFromXml(WebDriverManager.java:1573)
... 28 more
... Removed 13 stack frames]]>
    </failure>
  </testcase> <!-- @BeforeClass setup -->
  <testcase classname="swaglabs.base.Base" name="@AfterClass tearDown" time="0.0">
    <skipped/>
  </testcase> <!-- @AfterClass tearDown -->
  <testcase classname="swaglabs.tests.Logintest" name="login" time="1.235"/>
  <testcase classname="swaglabs.tests.Logintest" name="login" time="0.369"/>
  <testcase classname="swaglabs.tests.Logintest" name="login" time="0.259"/>
  <testcase classname="swaglabs.tests.Logintest" name="login" time="0.231"/>
  <testcase classname="swaglabs.tests.Logintest" name="executeSteps" time="0.11"/>
  <testcase classname="swaglabs.tests.Logintest" name="executeSteps" time="0.068"/>
  <testcase classname="swaglabs.tests.Logintest" name="executeSteps" time="0.073"/>
  <testcase classname="swaglabs.tests.Logintest" name="executeSteps" time="0.079"/>
  <testcase classname="swaglabs.tests.Logintest" name="executeSteps" time="0.159"/>
  <testcase classname="swaglabs.tests.Logintest" name="executeSteps" time="0.061"/>
  <testcase classname="swaglabs.tests.Logintest" name="executeSteps" time="0.065"/>
  <testcase classname="swaglabs.tests.Logintest" name="executeSteps" time="9.419">
    <failure type="org.openqa.selenium.NoSuchSessionException" message="invalid session id: session deleted as the browser has closed the connection
from disconnected: unable to send message to renderer
  (Session info: chrome=146.0.7680.165)
Build info: version: &amp;apos;4.41.0&amp;apos;, revision: &amp;apos;9fc754f&amp;apos;
System info: os.name: &amp;apos;Windows 10&amp;apos;, os.arch: &amp;apos;amd64&amp;apos;, os.version: &amp;apos;10.0&amp;apos;, java.version: &amp;apos;21.0.9&amp;apos;
Driver info: org.openqa.selenium.chrome.ChromeDriver
Command: [ac1cf1117552e13ab214310d0d940682, findElement {value=finish, using=id}]
Capabilities {acceptInsecureCerts: false, browserName: chrome, browserVersion: 146.0.7680.165, chrome: {chromedriverVersion: 146.0.7680.165 (4b989da09e1..., userDataDir: C:\Users\deepika.s\AppData\...}, fedcm:accounts: true, goog:chromeOptions: {debuggerAddress: localhost:62287}, goog:processID: 4112, networkConnectionEnabled: false, pageLoadStrategy: normal, platformName: windows, proxy: Proxy(), se:cdp: ws://localhost:62287/devtoo..., se:cdpVersion: 146.0.7680.165, setWindowRect: true, strictFileInteractability: false, timeouts: {implicit: 0, pageLoad: 300000, script: 30000}, unhandledPromptBehavior: dismiss and notify, webauthn:extension:credBlob: true, webauthn:extension:largeBlob: true, webauthn:extension:minPinLength: true, webauthn:extension:prf: true, webauthn:virtualAuthenticators: true}
Session ID: ac1cf1117552e13ab214310d0d940682">
      <![CDATA[org.openqa.selenium.NoSuchSessionException: invalid session id: session deleted as the browser has closed the connection
from disconnected: unable to send message to renderer
  (Session info: chrome=146.0.7680.165)
Build info: version: '4.41.0', revision: '9fc754f'
System info: os.name: 'Windows 10', os.arch: 'amd64', os.version: '10.0', java.version: '21.0.9'
Driver info: org.openqa.selenium.chrome.ChromeDriver
Command: [ac1cf1117552e13ab214310d0d940682, findElement {value=finish, using=id}]
Capabilities {acceptInsecureCerts: false, browserName: chrome, browserVersion: 146.0.7680.165, chrome: {chromedriverVersion: 146.0.7680.165 (4b989da09e1..., userDataDir: C:\Users\deepika.s\AppData\...}, fedcm:accounts: true, goog:chromeOptions: {debuggerAddress: localhost:62287}, goog:processID: 4112, networkConnectionEnabled: false, pageLoadStrategy: normal, platformName: windows, proxy: Proxy(), se:cdp: ws://localhost:62287/devtoo..., se:cdpVersion: 146.0.7680.165, setWindowRect: true, strictFileInteractability: false, timeouts: {implicit: 0, pageLoad: 300000, script: 30000}, unhandledPromptBehavior: dismiss and notify, webauthn:extension:credBlob: true, webauthn:extension:largeBlob: true, webauthn:extension:minPinLength: true, webauthn:extension:prf: true, webauthn:virtualAuthenticators: true}
Session ID: ac1cf1117552e13ab214310d0d940682
at org.openqa.selenium.remote.ErrorCodec.decode(ErrorCodec.java:169)
at org.openqa.selenium.remote.codec.w3c.W3CHttpResponseCodec.decode(W3CHttpResponseCodec.java:142)
at org.openqa.selenium.remote.codec.w3c.W3CHttpResponseCodec.decode(W3CHttpResponseCodec.java:49)
at org.openqa.selenium.remote.HttpCommandExecutor.execute(HttpCommandExecutor.java:223)
at org.openqa.selenium.remote.service.DriverCommandExecutor.invokeExecute(DriverCommandExecutor.java:216)
at org.openqa.selenium.remote.service.DriverCommandExecutor.execute(DriverCommandExecutor.java:174)
at org.openqa.selenium.remote.RemoteWebDriver.execute(RemoteWebDriver.java:604)
at org.openqa.selenium.remote.ElementLocation$ElementFinder$2.findElement(ElementLocation.java:166)
at org.openqa.selenium.remote.ElementLocation.findElement(ElementLocation.java:60)
at org.openqa.selenium.remote.RemoteWebDriver.findElement(RemoteWebDriver.java:427)
at org.openqa.selenium.remote.RemoteWebDriver.findElement(RemoteWebDriver.java:421)
at org.openqa.selenium.support.ui.ExpectedConditions$6.apply(ExpectedConditions.java:193)
at org.openqa.selenium.support.ui.ExpectedConditions$6.apply(ExpectedConditions.java:188)
at org.openqa.selenium.support.ui.FluentWait.until(FluentWait.java:209)
at swaglabs.utils.AbstractUtil.waitForElementPresent(AbstractUtil.java:40)
at swaglabs.utils.KeywordEngine.performAction(KeywordEngine.java:53)
at swaglabs.tests.Logintest.executeSteps(Logintest.java:83)
at java.base/java.util.ArrayList.forEach(ArrayList.java:1596)
at java.base/java.util.concurrent.FutureTask.run(FutureTask.java:317)
at java.base/java.util.concurrent.ThreadPoolExecutor.runWorker(ThreadPoolExecutor.java:1144)
at java.base/java.util.concurrent.ThreadPoolExecutor$Worker.run(ThreadPoolExecutor.java:642)
at java.base/java.lang.Thread.run(Thread.java:1583)
... Removed 15 stack frames]]>
    </failure>
  </testcase> <!-- executeSteps -->
  <testcase classname="swaglabs.tests.Logintest" name="orderconfirmation" time="0.0">
    <skipped/>
  </testcase> <!-- orderconfirmation -->
  <testcase classname="swaglabs.tests.Logintest" name="backtohome" time="0.0">
    <skipped/>
  </testcase> <!-- backtohome -->
  <testcase classname="swaglabs.tests.Logintest" name="addproducts" time="0.0">
    <skipped/>
  </testcase> <!-- addproducts -->
  <testcase classname="swaglabs.tests.Logintest" name="addtocartbutton" time="0.0">
    <skipped/>
  </testcase> <!-- addtocartbutton -->
  <testcase classname="swaglabs.tests.Logintest" name="removeproducts" time="0.0">
    <skipped/>
  </testcase> <!-- removeproducts -->
  <testcase classname="swaglabs.tests.Logintest" name="hamburgermenu" time="0.0">
    <skipped/>
  </testcase> <!-- hamburgermenu -->
  <testcase classname="swaglabs.tests.Logintest" name="aboutpage" time="0.0">
    <skipped/>
  </testcase> <!-- aboutpage -->
  <testcase classname="swaglabs.tests.Logintest" name="prodsorting" time="0.001">
    <skipped/>
  </testcase> <!-- prodsorting -->
  <testcase classname="swaglabs.tests.Logintest" name="logoutthepage" time="0.0">
    <skipped/>
  </testcase> <!-- logoutthepage -->
</testsuite> <!-- Chrome Test -->
