<?xml version="1.0" encoding="UTF-8"?>
<!-- Generated by org.testng.reporters.JUnitXMLReporter -->
<testsuite ignored="0" hostname="L-IT-0299" failures="0" tests="14" name="Edge Test" time="3.138" errors="0" timestamp="2026-03-31T18:53:23 IST">
  <testcase classname="swaglabs.base.Base" name="@BeforeClass setup" time="3.4">
    <failure type="org.openqa.selenium.SessionNotCreatedException" message="Could not start a new session. Response code 500. Message: Process unexpectedly closed with status 0 
Host info: host: &amp;apos;L-IT-0299&amp;apos;, ip: &amp;apos;192.168.5.169&amp;apos;
Build info: version: &amp;apos;4.41.0&amp;apos;, revision: &amp;apos;9fc754f&amp;apos;
System info: os.name: &amp;apos;Windows 10&amp;apos;, os.arch: &amp;apos;amd64&amp;apos;, os.version: &amp;apos;10.0&amp;apos;, java.version: &amp;apos;21.0.9&amp;apos;
Driver info: org.openqa.selenium.firefox.FirefoxDriver
Command: [null, newSession {capabilities=[Capabilities {acceptInsecureCerts: true, browserName: firefox, moz:firefoxOptions: {prefs: {remote.active-protocols: 1}}}]}]">
      <![CDATA[org.openqa.selenium.SessionNotCreatedException: Could not start a new session. Response code 500. Message: Process unexpectedly closed with status 0 
Host info: host: 'L-IT-0299', ip: '192.168.5.169'
Build info: version: '4.41.0', revision: '9fc754f'
System info: os.name: 'Windows 10', os.arch: 'amd64', os.version: '10.0', java.version: '21.0.9'
Driver info: org.openqa.selenium.firefox.FirefoxDriver
Command: [null, newSession {capabilities=[Capabilities {acceptInsecureCerts: true, browserName: firefox, moz:firefoxOptions: {prefs: {remote.active-protocols: 1}}}]}]
at org.openqa.selenium.remote.ProtocolHandshake.createSession(ProtocolHandshake.java:114)
at org.openqa.selenium.remote.ProtocolHandshake.createSession(ProtocolHandshake.java:75)
at org.openqa.selenium.remote.ProtocolHandshake.createSession(ProtocolHandshake.java:61)
at org.openqa.selenium.remote.HttpCommandExecutor.execute(HttpCommandExecutor.java:195)
at org.openqa.selenium.remote.service.DriverCommandExecutor.invokeExecute(DriverCommandExecutor.java:216)
at org.openqa.selenium.remote.service.DriverCommandExecutor.execute(DriverCommandExecutor.java:174)
at org.openqa.selenium.remote.RemoteWebDriver.execute(RemoteWebDriver.java:604)
at org.openqa.selenium.remote.RemoteWebDriver.startSession(RemoteWebDriver.java:288)
at org.openqa.selenium.remote.RemoteWebDriver.<init>(RemoteWebDriver.java:211)
at org.openqa.selenium.firefox.FirefoxDriver.<init>(FirefoxDriver.java:138)
at org.openqa.selenium.firefox.FirefoxDriver.<init>(FirefoxDriver.java:119)
at org.openqa.selenium.firefox.FirefoxDriver.<init>(FirefoxDriver.java:99)
at org.openqa.selenium.firefox.FirefoxDriver.<init>(FirefoxDriver.java:95)
at org.openqa.selenium.firefox.FirefoxDriver.<init>(FirefoxDriver.java:85)
at swaglabs.utils.DriverFactory.initDriver(DriverFactory.java:30)
at swaglabs.base.Base.setup(Base.java:32)
at java.base/java.util.ArrayList.forEach(ArrayList.java:1596)
at java.base/java.util.concurrent.FutureTask.run(FutureTask.java:317)
at java.base/java.util.concurrent.ThreadPoolExecutor.runWorker(ThreadPoolExecutor.java:1144)
at java.base/java.util.concurrent.ThreadPoolExecutor$Worker.run(ThreadPoolExecutor.java:642)
at java.base/java.lang.Thread.run(Thread.java:1583)
... Removed 13 stack frames]]>
    </failure>
  </testcase> <!-- @BeforeClass setup -->
  <testcase classname="swaglabs.base.Base" name="@AfterClass tearDown" time="0.0">
    <skipped/>
  </testcase> <!-- @AfterClass tearDown -->
  <testcase classname="swaglabs.tests.Logintest" name="login" time="0.0">
    <skipped/>
  </testcase> <!-- login -->
  <testcase classname="swaglabs.tests.Logintest" name="login" time="0.0">
    <skipped/>
  </testcase> <!-- login -->
  <testcase classname="swaglabs.tests.Logintest" name="login" time="0.0">
    <skipped/>
  </testcase> <!-- login -->
  <testcase classname="swaglabs.tests.Logintest" name="login" time="0.0">
    <skipped/>
  </testcase> <!-- login -->
  <testcase classname="swaglabs.tests.Logintest" name="executeSteps" time="0.0">
    <skipped/>
  </testcase> <!-- executeSteps -->
  <testcase classname="swaglabs.tests.Logintest" name="orderconfirmation" time="0.0">
    <skipped/>
  </testcase> <!-- orderconfirmation -->
  <testcase classname="swaglabs.tests.Logintest" name="backtohome" time="0.0">
    <skipped/>
  </testcase> <!-- backtohome -->
  <testcase classname="swaglabs.tests.Logintest" name="addproducts" time="0.0">
    <skipped/>
  </testcase> <!-- addproducts -->
  <testcase classname="swaglabs.tests.Logintest" name="addtocartbutton" time="0.0">
    <skipped/>
  </testcase> <!-- addtocartbutton -->
  <testcase classname="swaglabs.tests.Logintest" name="removeproducts" time="0.0">
    <skipped/>
  </testcase> <!-- removeproducts -->
  <testcase classname="swaglabs.tests.Logintest" name="hamburgermenu" time="0.0">
    <skipped/>
  </testcase> <!-- hamburgermenu -->
  <testcase classname="swaglabs.tests.Logintest" name="aboutpage" time="0.0">
    <skipped/>
  </testcase> <!-- aboutpage -->
  <testcase classname="swaglabs.tests.Logintest" name="prodsorting" time="0.0">
    <skipped/>
  </testcase> <!-- prodsorting -->
  <testcase classname="swaglabs.tests.Logintest" name="logoutthepage" time="0.0">
    <skipped/>
  </testcase> <!-- logoutthepage -->
</testsuite> <!-- Edge Test -->
