<?xml version="1.0" encoding="UTF-8"?>
<!-- Generated by org.testng.reporters.JUnitXMLReporter -->
<testsuite ignored="0" hostname="L-IT-0299" failures="0" tests="14" name="Firefox Test" time="3.61" errors="0" timestamp="2026-03-31T18:53:23 IST">
  <testcase classname="swaglabs.tests.Logintest" name="login" time="0.0">
    <skipped/>
  </testcase> <!-- login -->
  <testcase classname="swaglabs.tests.Logintest" name="login" time="0.0">
    <skipped/>
  </testcase> <!-- login -->
  <testcase classname="swaglabs.tests.Logintest" name="login" time="0.0">
    <skipped/>
  </testcase> <!-- login -->
  <testcase classname="swaglabs.tests.Logintest" name="login" time="0.003">
    <skipped/>
  </testcase> <!-- login -->
  <testcase classname="swaglabs.tests.Logintest" name="executeSteps" time="0.0">
    <skipped/>
  </testcase> <!-- executeSteps -->
  <testcase classname="swaglabs.tests.Logintest" name="orderconfirmation" time="0.0">
    <skipped/>
  </testcase> <!-- orderconfirmation -->
  <testcase classname="swaglabs.tests.Logintest" name="backtohome" time="0.0">
    <skipped/>
  </testcase> <!-- backtohome -->
  <testcase classname="swaglabs.tests.Logintest" name="addproducts" time="0.0">
    <skipped/>
  </testcase> <!-- addproducts -->
  <testcase classname="swaglabs.tests.Logintest" name="addtocartbutton" time="0.0">
    <skipped/>
  </testcase> <!-- addtocartbutton -->
  <testcase classname="swaglabs.tests.Logintest" name="removeproducts" time="0.0">
    <skipped/>
  </testcase> <!-- removeproducts -->
  <testcase classname="swaglabs.tests.Logintest" name="hamburgermenu" time="0.0">
    <skipped/>
  </testcase> <!-- hamburgermenu -->
  <testcase classname="swaglabs.tests.Logintest" name="aboutpage" time="0.001">
    <skipped/>
  </testcase> <!-- aboutpage -->
  <testcase classname="swaglabs.tests.Logintest" name="prodsorting" time="0.0">
    <skipped/>
  </testcase> <!-- prodsorting -->
  <testcase classname="swaglabs.tests.Logintest" name="logoutthepage" time="0.001">
    <skipped/>
  </testcase> <!-- logoutthepage -->
</testsuite> <!-- Firefox Test -->
