<?xml version="1.0" encoding="UTF-8"?>
<testng-results ignored="0" total="21" passed="21" failed="0" skipped="0">
  <reporter-output>
  </reporter-output>
  <suite started-at="2026-04-02T19:10:46 IST" name="Default suite" finished-at="2026-04-02T19:11:14 IST" duration-ms="28384">
    <groups>
    </groups>
    <test started-at="2026-04-02T19:10:46 IST" name="Default test" finished-at="2026-04-02T19:11:14 IST" duration-ms="28384">
      <class name="swaglabs.tests.Logintest">
        <test-method is-config="true" signature="setup()[pri:0, instance:swaglabs.tests.Logintest@22fcf7ab]" started-at="2026-04-02T19:10:46 IST" name="setup" finished-at="2026-04-02T19:10:50 IST" duration-ms="3568" status="PASS">
          <reporter-output>
          </reporter-output>
        </test-method> <!-- setup -->
        <test-method signature="login(java.lang.String,java.lang.String)[pri:0, instance:swaglabs.tests.Logintest@22fcf7ab]" started-at="2026-04-02T19:10:51 IST" name="login" data-provider="testcases" finished-at="2026-04-02T19:10:51 IST" duration-ms="656" status="PASS">
          <params>
            <param index="0">
              <value>
                <![CDATA[Problem_user]]>
              </value>
            </param>
            <param index="1">
              <value>
                <![CDATA[User]]>
              </value>
            </param>
          </params>
          <reporter-output>
          </reporter-output>
        </test-method> <!-- login -->
        <test-method signature="login(java.lang.String,java.lang.String)[pri:0, instance:swaglabs.tests.Logintest@22fcf7ab]" started-at="2026-04-02T19:10:51 IST" name="login" data-provider="testcases" finished-at="2026-04-02T19:10:52 IST" duration-ms="487" status="PASS">
          <params>
            <param index="0">
              <value>
                <![CDATA[User_name]]>
              </value>
            </param>
            <param index="1">
              <value>
                <![CDATA[secret_sauce]]>
              </value>
            </param>
          </params>
          <reporter-output>
          </reporter-output>
        </test-method> <!-- login -->
        <test-method signature="login(java.lang.String,java.lang.String)[pri:0, instance:swaglabs.tests.Logintest@22fcf7ab]" started-at="2026-04-02T19:10:52 IST" name="login" data-provider="testcases" finished-at="2026-04-02T19:10:52 IST" duration-ms="455" status="PASS">
          <params>
            <param index="0">
              <value>
                <![CDATA[Admin]]>
              </value>
            </param>
            <param index="1">
              <value>
                <![CDATA[Admin]]>
              </value>
            </param>
          </params>
          <reporter-output>
          </reporter-output>
        </test-method> <!-- login -->
        <test-method signature="login(java.lang.String,java.lang.String)[pri:0, instance:swaglabs.tests.Logintest@22fcf7ab]" started-at="2026-04-02T19:10:52 IST" name="login" data-provider="testcases" finished-at="2026-04-02T19:10:52 IST" duration-ms="160" status="PASS">
          <params>
            <param index="0">
              <value>
                <![CDATA[standard_user]]>
              </value>
            </param>
            <param index="1">
              <value>
                <![CDATA[secret_sauce]]>
              </value>
            </param>
          </params>
          <reporter-output>
          </reporter-output>
        </test-method> <!-- login -->
        <test-method signature="executeSteps(java.lang.String,java.lang.String,java.lang.String,java.lang.String,java.lang.String,java.lang.String)[pri:0, instance:swaglabs.tests.Logintest@22fcf7ab]" started-at="2026-04-02T19:10:52 IST" name="executeSteps" data-provider="keyworddata" finished-at="2026-04-02T19:10:52 IST" depends-on-methods="swaglabs.tests.Logintest.login" duration-ms="124" status="PASS">
          <params>
            <param index="0">
              <value>
                <![CDATA[SwagTest]]>
              </value>
            </param>
            <param index="1">
              <value>
                <![CDATA[1.0]]>
              </value>
            </param>
            <param index="2">
              <value>
                <![CDATA[addProduct]]>
              </value>
            </param>
            <param index="3">
              <value>
                <![CDATA[id]]>
              </value>
            </param>
            <param index="4">
              <value>
                <![CDATA[add-to-cart-sauce-labs-backpack]]>
              </value>
            </param>
            <param index="5">
              <value>
                <![CDATA[]]>
              </value>
            </param>
          </params>
          <reporter-output>
          </reporter-output>
        </test-method> <!-- executeSteps -->
        <test-method signature="executeSteps(java.lang.String,java.lang.String,java.lang.String,java.lang.String,java.lang.String,java.lang.String)[pri:0, instance:swaglabs.tests.Logintest@22fcf7ab]" started-at="2026-04-02T19:10:52 IST" name="executeSteps" data-provider="keyworddata" finished-at="2026-04-02T19:10:53 IST" depends-on-methods="swaglabs.tests.Logintest.login" duration-ms="106" status="PASS">
          <params>
            <param index="0">
              <value>
                <![CDATA[SwagTest]]>
              </value>
            </param>
            <param index="1">
              <value>
                <![CDATA[2.0]]>
              </value>
            </param>
            <param index="2">
              <value>
                <![CDATA[click]]>
              </value>
            </param>
            <param index="3">
              <value>
                <![CDATA[css]]>
              </value>
            </param>
            <param index="4">
              <value>
                <![CDATA[.shopping_cart_link]]>
              </value>
            </param>
            <param index="5">
              <value>
                <![CDATA[]]>
              </value>
            </param>
          </params>
          <reporter-output>
          </reporter-output>
        </test-method> <!-- executeSteps -->
        <test-method signature="executeSteps(java.lang.String,java.lang.String,java.lang.String,java.lang.String,java.lang.String,java.lang.String)[pri:0, instance:swaglabs.tests.Logintest@22fcf7ab]" started-at="2026-04-02T19:10:53 IST" name="executeSteps" data-provider="keyworddata" finished-at="2026-04-02T19:10:53 IST" depends-on-methods="swaglabs.tests.Logintest.login" duration-ms="95" status="PASS">
          <params>
            <param index="0">
              <value>
                <![CDATA[SwagTest]]>
              </value>
            </param>
            <param index="1">
              <value>
                <![CDATA[3.0]]>
              </value>
            </param>
            <param index="2">
              <value>
                <![CDATA[click]]>
              </value>
            </param>
            <param index="3">
              <value>
                <![CDATA[id]]>
              </value>
            </param>
            <param index="4">
              <value>
                <![CDATA[checkout]]>
              </value>
            </param>
            <param index="5">
              <value>
                <![CDATA[]]>
              </value>
            </param>
          </params>
          <reporter-output>
          </reporter-output>
        </test-method> <!-- executeSteps -->
        <test-method signature="executeSteps(java.lang.String,java.lang.String,java.lang.String,java.lang.String,java.lang.String,java.lang.String)[pri:0, instance:swaglabs.tests.Logintest@22fcf7ab]" started-at="2026-04-02T19:10:53 IST" name="executeSteps" data-provider="keyworddata" finished-at="2026-04-02T19:10:53 IST" depends-on-methods="swaglabs.tests.Logintest.login" duration-ms="38" status="PASS">
          <params>
            <param index="0">
              <value>
                <![CDATA[SwagTest]]>
              </value>
            </param>
            <param index="1">
              <value>
                <![CDATA[4.0]]>
              </value>
            </param>
            <param index="2">
              <value>
                <![CDATA[type]]>
              </value>
            </param>
            <param index="3">
              <value>
                <![CDATA[id]]>
              </value>
            </param>
            <param index="4">
              <value>
                <![CDATA[first-name]]>
              </value>
            </param>
            <param index="5">
              <value>
                <![CDATA[deepika]]>
              </value>
            </param>
          </params>
          <reporter-output>
          </reporter-output>
        </test-method> <!-- executeSteps -->
        <test-method signature="executeSteps(java.lang.String,java.lang.String,java.lang.String,java.lang.String,java.lang.String,java.lang.String)[pri:0, instance:swaglabs.tests.Logintest@22fcf7ab]" started-at="2026-04-02T19:10:53 IST" name="executeSteps" data-provider="keyworddata" finished-at="2026-04-02T19:10:53 IST" depends-on-methods="swaglabs.tests.Logintest.login" duration-ms="34" status="PASS">
          <params>
            <param index="0">
              <value>
                <![CDATA[SwagTest]]>
              </value>
            </param>
            <param index="1">
              <value>
                <![CDATA[5.0]]>
              </value>
            </param>
            <param index="2">
              <value>
                <![CDATA[type]]>
              </value>
            </param>
            <param index="3">
              <value>
                <![CDATA[id]]>
              </value>
            </param>
            <param index="4">
              <value>
                <![CDATA[last-name]]>
              </value>
            </param>
            <param index="5">
              <value>
                <![CDATA[shinagam]]>
              </value>
            </param>
          </params>
          <reporter-output>
          </reporter-output>
        </test-method> <!-- executeSteps -->
        <test-method signature="executeSteps(java.lang.String,java.lang.String,java.lang.String,java.lang.String,java.lang.String,java.lang.String)[pri:0, instance:swaglabs.tests.Logintest@22fcf7ab]" started-at="2026-04-02T19:10:53 IST" name="executeSteps" data-provider="keyworddata" finished-at="2026-04-02T19:10:53 IST" depends-on-methods="swaglabs.tests.Logintest.login" duration-ms="34" status="PASS">
          <params>
            <param index="0">
              <value>
                <![CDATA[SwagTest]]>
              </value>
            </param>
            <param index="1">
              <value>
                <![CDATA[6.0]]>
              </value>
            </param>
            <param index="2">
              <value>
                <![CDATA[type]]>
              </value>
            </param>
            <param index="3">
              <value>
                <![CDATA[id]]>
              </value>
            </param>
            <param index="4">
              <value>
                <![CDATA[postal-code]]>
              </value>
            </param>
            <param index="5">
              <value>
                <![CDATA[530002.0]]>
              </value>
            </param>
          </params>
          <reporter-output>
          </reporter-output>
        </test-method> <!-- executeSteps -->
        <test-method signature="executeSteps(java.lang.String,java.lang.String,java.lang.String,java.lang.String,java.lang.String,java.lang.String)[pri:0, instance:swaglabs.tests.Logintest@22fcf7ab]" started-at="2026-04-02T19:10:53 IST" name="executeSteps" data-provider="keyworddata" finished-at="2026-04-02T19:10:53 IST" depends-on-methods="swaglabs.tests.Logintest.login" duration-ms="100" status="PASS">
          <params>
            <param index="0">
              <value>
                <![CDATA[SwagTest]]>
              </value>
            </param>
            <param index="1">
              <value>
                <![CDATA[7.0]]>
              </value>
            </param>
            <param index="2">
              <value>
                <![CDATA[click]]>
              </value>
            </param>
            <param index="3">
              <value>
                <![CDATA[id]]>
              </value>
            </param>
            <param index="4">
              <value>
                <![CDATA[continue]]>
              </value>
            </param>
            <param index="5">
              <value>
                <![CDATA[]]>
              </value>
            </param>
          </params>
          <reporter-output>
          </reporter-output>
        </test-method> <!-- executeSteps -->
        <test-method signature="executeSteps(java.lang.String,java.lang.String,java.lang.String,java.lang.String,java.lang.String,java.lang.String)[pri:0, instance:swaglabs.tests.Logintest@22fcf7ab]" started-at="2026-04-02T19:10:53 IST" name="executeSteps" data-provider="keyworddata" finished-at="2026-04-02T19:10:53 IST" depends-on-methods="swaglabs.tests.Logintest.login" duration-ms="94" status="PASS">
          <params>
            <param index="0">
              <value>
                <![CDATA[SwagTest]]>
              </value>
            </param>
            <param index="1">
              <value>
                <![CDATA[8.0]]>
              </value>
            </param>
            <param index="2">
              <value>
                <![CDATA[click]]>
              </value>
            </param>
            <param index="3">
              <value>
                <![CDATA[id]]>
              </value>
            </param>
            <param index="4">
              <value>
                <![CDATA[finish]]>
              </value>
            </param>
            <param index="5">
              <value>
                <![CDATA[]]>
              </value>
            </param>
          </params>
          <reporter-output>
          </reporter-output>
        </test-method> <!-- executeSteps -->
        <test-method signature="orderconfirmation()[pri:0, instance:swaglabs.tests.Logintest@22fcf7ab]" started-at="2026-04-02T19:10:53 IST" name="orderconfirmation" finished-at="2026-04-02T19:10:55 IST" depends-on-methods="swaglabs.tests.Logintest.executeSteps" duration-ms="2026" status="PASS">
          <reporter-output>
          </reporter-output>
        </test-method> <!-- orderconfirmation -->
        <test-method signature="backtohome()[pri:0, instance:swaglabs.tests.Logintest@22fcf7ab]" started-at="2026-04-02T19:10:55 IST" name="backtohome" finished-at="2026-04-02T19:10:57 IST" depends-on-methods="swaglabs.tests.Logintest.orderconfirmation" duration-ms="2079" status="PASS">
          <reporter-output>
          </reporter-output>
        </test-method> <!-- backtohome -->
        <test-method signature="addproducts()[pri:0, instance:swaglabs.tests.Logintest@22fcf7ab]" started-at="2026-04-02T19:10:57 IST" name="addproducts" finished-at="2026-04-02T19:10:59 IST" depends-on-methods="swaglabs.tests.Logintest.backtohome" duration-ms="2206" status="PASS">
          <reporter-output>
          </reporter-output>
        </test-method> <!-- addproducts -->
        <test-method signature="addtocartbutton()[pri:0, instance:swaglabs.tests.Logintest@22fcf7ab]" started-at="2026-04-02T19:10:59 IST" name="addtocartbutton" finished-at="2026-04-02T19:11:01 IST" depends-on-methods="swaglabs.tests.Logintest.addproducts" duration-ms="2107" status="PASS">
          <reporter-output>
          </reporter-output>
        </test-method> <!-- addtocartbutton -->
        <test-method signature="removeproducts()[pri:0, instance:swaglabs.tests.Logintest@22fcf7ab]" started-at="2026-04-02T19:11:01 IST" name="removeproducts" finished-at="2026-04-02T19:11:04 IST" depends-on-methods="swaglabs.tests.Logintest.addtocartbutton" duration-ms="2195" status="PASS">
          <reporter-output>
          </reporter-output>
        </test-method> <!-- removeproducts -->
        <test-method signature="hamburgermenu()[pri:0, instance:swaglabs.tests.Logintest@22fcf7ab]" started-at="2026-04-02T19:11:04 IST" name="hamburgermenu" finished-at="2026-04-02T19:11:05 IST" depends-on-methods="swaglabs.tests.Logintest.removeproducts" duration-ms="1116" status="PASS">
          <reporter-output>
          </reporter-output>
        </test-method> <!-- hamburgermenu -->
        <test-method signature="aboutpage()[pri:0, instance:swaglabs.tests.Logintest@22fcf7ab]" started-at="2026-04-02T19:11:05 IST" name="aboutpage" finished-at="2026-04-02T19:11:08 IST" depends-on-methods="swaglabs.tests.Logintest.hamburgermenu" duration-ms="3267" status="PASS">
          <reporter-output>
          </reporter-output>
        </test-method> <!-- aboutpage -->
        <test-method signature="prodsorting()[pri:0, instance:swaglabs.tests.Logintest@22fcf7ab]" started-at="2026-04-02T19:11:08 IST" name="prodsorting" finished-at="2026-04-02T19:11:12 IST" depends-on-methods="swaglabs.tests.Logintest.aboutpage" duration-ms="4457" status="PASS">
          <reporter-output>
          </reporter-output>
        </test-method> <!-- prodsorting -->
        <test-method signature="logoutthepage()[pri:0, instance:swaglabs.tests.Logintest@22fcf7ab]" started-at="2026-04-02T19:11:12 IST" name="logoutthepage" finished-at="2026-04-02T19:11:14 IST" depends-on-methods="swaglabs.tests.Logintest.prodsorting" duration-ms="1089" status="PASS">
          <reporter-output>
          </reporter-output>
        </test-method> <!-- logoutthepage -->
        <test-method is-config="true" signature="tearDown()[pri:0, instance:swaglabs.tests.Logintest@22fcf7ab]" started-at="2026-04-02T19:11:14 IST" name="tearDown" finished-at="2026-04-02T19:11:14 IST" duration-ms="858" status="PASS">
          <reporter-output>
          </reporter-output>
        </test-method> <!-- tearDown -->
      </class> <!-- swaglabs.tests.Logintest -->
    </test> <!-- Default test -->
  </suite> <!-- Default suite -->
</testng-results>
