<?xml version="1.0" encoding="UTF-8"?>
<!-- Generated by org.testng.reporters.JUnitReportReporter -->
<testsuite hostname="L-IT-0299" failures="0" tests="21" name="swaglabs.tests.Logintest" time="22.925" errors="0" timestamp="2026-04-02T19:11:15 IST" skipped="0">
  <testcase classname="swaglabs.tests.Logintest" name="executeSteps" time="0.094"/>
  <testcase classname="swaglabs.tests.Logintest" name="login" time="0.160"/>
  <testcase classname="swaglabs.tests.Logintest" name="executeSteps" time="0.034"/>
  <testcase classname="swaglabs.tests.Logintest" name="hamburgermenu" time="1.116"/>
  <testcase classname="swaglabs.tests.Logintest" name="executeSteps" time="0.124"/>
  <testcase classname="swaglabs.tests.Logintest" name="login" time="0.455"/>
  <testcase classname="swaglabs.tests.Logintest" name="executeSteps" time="0.100"/>
  <testcase classname="swaglabs.tests.Logintest" name="login" time="0.656"/>
  <testcase classname="swaglabs.tests.Logintest" name="executeSteps" time="0.106"/>
  <testcase classname="swaglabs.tests.Logintest" name="executeSteps" time="0.038"/>
  <testcase classname="swaglabs.tests.Logintest" name="removeproducts" time="2.195"/>
  <testcase classname="swaglabs.tests.Logintest" name="aboutpage" time="3.267"/>
  <testcase classname="swaglabs.tests.Logintest" name="orderconfirmation" time="2.026"/>
  <testcase classname="swaglabs.tests.Logintest" name="executeSteps" time="0.034"/>
  <testcase classname="swaglabs.tests.Logintest" name="login" time="0.487"/>
  <testcase classname="swaglabs.tests.Logintest" name="addproducts" time="2.206"/>
  <testcase classname="swaglabs.tests.Logintest" name="prodsorting" time="4.457"/>
  <testcase classname="swaglabs.tests.Logintest" name="logoutthepage" time="1.089"/>
  <testcase classname="swaglabs.tests.Logintest" name="executeSteps" time="0.095"/>
  <testcase classname="swaglabs.tests.Logintest" name="backtohome" time="2.079"/>
  <testcase classname="swaglabs.tests.Logintest" name="addtocartbutton" time="2.107"/>
</testsuite> <!-- swaglabs.tests.Logintest -->
