<?xml version="1.0" encoding="UTF-8"?>
<!-- Generated by org.testng.reporters.JUnitReportReporter -->
<testsuite hostname="L-IT-0299" failures="0" tests="21" name="swaglabs.tests.Logintest" time="24.944" errors="0" timestamp="2026-04-02T16:02:29 IST" skipped="0">
  <testcase classname="swaglabs.tests.Logintest" name="executeSteps" time="0.192"/>
  <testcase classname="swaglabs.tests.Logintest" name="login" time="0.844"/>
  <testcase classname="swaglabs.tests.Logintest" name="addproducts" time="2.283"/>
  <testcase classname="swaglabs.tests.Logintest" name="executeSteps" time="0.042"/>
  <testcase classname="swaglabs.tests.Logintest" name="executeSteps" time="0.061"/>
  <testcase classname="swaglabs.tests.Logintest" name="orderconfirmation" time="2.019"/>
  <testcase classname="swaglabs.tests.Logintest" name="hamburgermenu" time="1.196"/>
  <testcase classname="swaglabs.tests.Logintest" name="executeSteps" time="0.088"/>
  <testcase classname="swaglabs.tests.Logintest" name="addtocartbutton" time="2.120"/>
  <testcase classname="swaglabs.tests.Logintest" name="prodsorting" time="4.822"/>
  <testcase classname="swaglabs.tests.Logintest" name="executeSteps" time="0.090"/>
  <testcase classname="swaglabs.tests.Logintest" name="login" time="0.202"/>
  <testcase classname="swaglabs.tests.Logintest" name="executeSteps" time="0.195"/>
  <testcase classname="swaglabs.tests.Logintest" name="logoutthepage" time="1.135"/>
  <testcase classname="swaglabs.tests.Logintest" name="backtohome" time="2.118"/>
  <testcase classname="swaglabs.tests.Logintest" name="executeSteps" time="0.168"/>
  <testcase classname="swaglabs.tests.Logintest" name="aboutpage" time="3.512"/>
  <testcase classname="swaglabs.tests.Logintest" name="removeproducts" time="2.232"/>
  <testcase classname="swaglabs.tests.Logintest" name="login" time="0.751"/>
  <testcase classname="swaglabs.tests.Logintest" name="login" time="0.693"/>
  <testcase classname="swaglabs.tests.Logintest" name="executeSteps" time="0.181"/>
</testsuite> <!-- swaglabs.tests.Logintest -->
